<?xml version="1.0" encoding="UTF-8"?>
<!-- Generated by org.testng.reporters.JUnitXMLReporter -->
<testsuite ignored="0" hostname="Adnans-PC" failures="0" tests="5" name="Test" time="1.201" errors="0" timestamp="13 Oct 2021 00:10:59 GMT">
  <testcase classname="testCases.TC_VideoGameAPI" name="test_getAllVideoGames" time="0.668"/>
  <testcase classname="testCases.TC_VideoGameAPI" name="test_addNewVideoGame" time="0.238"/>
  <testcase classname="testCases.TC_VideoGameAPI" name="test_getVideoGame" time="0.231"/>
  <testcase classname="testCases.TC_VideoGameAPI" name="test_updateVideoGame" time="0.033"/>
  <testcase classname="testCases.TC_VideoGameAPI" name="test_deleteVideoGame" time="0.014"/>
</testsuite> <!-- Test -->
