<?xml version="1.0" encoding="UTF-8"?>
<!-- Generated by org.testng.reporters.JUnitXMLReporter -->
<testsuite hostname="Adnans-PC" ignored="0" name="Test" tests="5" failures="0" timestamp="13 Oct 2021 00:22:23 GMT" time="4.137" errors="0">
  <testcase name="test_getAllVideoGames" time="0.687" classname="testCases.TC_VideoGameAPI"/>
  <testcase name="test_addNewVideoGame" time="0.181" classname="testCases.TC_VideoGameAPI"/>
  <testcase name="test_getVideoGame" time="0.218" classname="testCases.TC_VideoGameAPI"/>
  <testcase name="test_updateVideoGame" time="0.026" classname="testCases.TC_VideoGameAPI"/>
  <testcase name="test_deleteVideoGame" time="3.011" classname="testCases.TC_VideoGameAPI"/>
</testsuite> <!-- Test -->
