<?xml version="1.0" encoding="UTF-8"?>
<testng-results skipped="0" failed="0" ignored="0" total="5" passed="5">
  <reporter-output>
  </reporter-output>
  <suite name="Suite" duration-ms="4137" started-at="2021-10-13T00:22:19Z" finished-at="2021-10-13T00:22:23Z">
    <groups>
    </groups>
    <test name="Test" duration-ms="4137" started-at="2021-10-13T00:22:19Z" finished-at="2021-10-13T00:22:23Z">
      <class name="testCases.TC_VideoGameAPI">
        <test-method status="PASS" signature="test_getAllVideoGames()[pri:0, instance:testCases.TC_VideoGameAPI@145eaa29]" name="test_getAllVideoGames" duration-ms="687" started-at="2021-10-13T00:22:19Z" finished-at="2021-10-13T00:22:20Z">
          <reporter-output>
          </reporter-output>
        </test-method> <!-- test_getAllVideoGames -->
        <test-method status="PASS" signature="test_addNewVideoGame()[pri:2, instance:testCases.TC_VideoGameAPI@145eaa29]" name="test_addNewVideoGame" duration-ms="181" started-at="2021-10-13T00:22:20Z" finished-at="2021-10-13T00:22:20Z">
          <reporter-output>
          </reporter-output>
        </test-method> <!-- test_addNewVideoGame -->
        <test-method status="PASS" signature="test_getVideoGame()[pri:3, instance:testCases.TC_VideoGameAPI@145eaa29]" name="test_getVideoGame" duration-ms="218" started-at="2021-10-13T00:22:20Z" finished-at="2021-10-13T00:22:20Z">
          <reporter-output>
          </reporter-output>
        </test-method> <!-- test_getVideoGame -->
        <test-method status="PASS" signature="test_updateVideoGame()[pri:4, instance:testCases.TC_VideoGameAPI@145eaa29]" name="test_updateVideoGame" duration-ms="26" started-at="2021-10-13T00:22:20Z" finished-at="2021-10-13T00:22:20Z">
          <reporter-output>
          </reporter-output>
        </test-method> <!-- test_updateVideoGame -->
        <test-method status="PASS" signature="test_deleteVideoGame()[pri:5, instance:testCases.TC_VideoGameAPI@145eaa29]" name="test_deleteVideoGame" duration-ms="3011" started-at="2021-10-13T00:22:20Z" finished-at="2021-10-13T00:22:23Z">
          <reporter-output>
          </reporter-output>
        </test-method> <!-- test_deleteVideoGame -->
      </class> <!-- testCases.TC_VideoGameAPI -->
    </test> <!-- Test -->
  </suite> <!-- Suite -->
</testng-results>
