<?xml version="1.0" encoding="UTF-8"?>
<testng-results ignored="0" total="5" passed="5" failed="0" skipped="0">
  <reporter-output>
  </reporter-output>
  <suite started-at="2021-10-13T00:10:58Z" name="Suite" finished-at="2021-10-13T00:10:59Z" duration-ms="1201">
    <groups>
    </groups>
    <test started-at="2021-10-13T00:10:58Z" name="Test" finished-at="2021-10-13T00:10:59Z" duration-ms="1201">
      <class name="testCases.TC_VideoGameAPI">
        <test-method signature="test_getAllVideoGames()[pri:0, instance:testCases.TC_VideoGameAPI@1b8a29df]" started-at="2021-10-13T00:10:58Z" name="test_getAllVideoGames" finished-at="2021-10-13T00:10:58Z" duration-ms="668" status="PASS">
          <reporter-output>
          </reporter-output>
        </test-method> <!-- test_getAllVideoGames -->
        <test-method signature="test_addNewVideoGame()[pri:2, instance:testCases.TC_VideoGameAPI@1b8a29df]" started-at="2021-10-13T00:10:58Z" name="test_addNewVideoGame" finished-at="2021-10-13T00:10:59Z" duration-ms="238" status="PASS">
          <reporter-output>
          </reporter-output>
        </test-method> <!-- test_addNewVideoGame -->
        <test-method signature="test_getVideoGame()[pri:3, instance:testCases.TC_VideoGameAPI@1b8a29df]" started-at="2021-10-13T00:10:59Z" name="test_getVideoGame" finished-at="2021-10-13T00:10:59Z" duration-ms="231" status="PASS">
          <reporter-output>
          </reporter-output>
        </test-method> <!-- test_getVideoGame -->
        <test-method signature="test_updateVideoGame()[pri:4, instance:testCases.TC_VideoGameAPI@1b8a29df]" started-at="2021-10-13T00:10:59Z" name="test_updateVideoGame" finished-at="2021-10-13T00:10:59Z" duration-ms="33" status="PASS">
          <reporter-output>
          </reporter-output>
        </test-method> <!-- test_updateVideoGame -->
        <test-method signature="test_deleteVideoGame()[pri:5, instance:testCases.TC_VideoGameAPI@1b8a29df]" started-at="2021-10-13T00:10:59Z" name="test_deleteVideoGame" finished-at="2021-10-13T00:10:59Z" duration-ms="14" status="PASS">
          <reporter-output>
          </reporter-output>
        </test-method> <!-- test_deleteVideoGame -->
      </class> <!-- testCases.TC_VideoGameAPI -->
    </test> <!-- Test -->
  </suite> <!-- Suite -->
</testng-results>
